build/app/intermediates/manifest_merge_blame_file/debug/manifest-merger-blame-debug-report.txt
1<?xml version="1.0" encoding="utf-8"?>
2<manifest xmlns:android="http://schemas.android.com/apk/res/android"
3    package="br.com.academiadoflutter.url_launcher_example"
4    android:versionCode="1"
5    android:versionName="1.0.0" >
6
7    <uses-sdk
8        android:minSdkVersion="16"
9        android:targetSdkVersion="29" />
10    <!--
11         Flutter needs it to communicate with the running application
12         to allow setting breakpoints, to provide hot reload, etc.
13    -->
14    <uses-permission android:name="android.permission.INTERNET" />
14-->src\debug\AndroidManifest.xml:6:5-66
14-->src\debug\AndroidManifest.xml:6:22-64
15    <!--
16     io.flutter.app.FlutterApplication is an android.app.Application that
17         calls FlutterMain.startInitialization(this); in its onCreate method.
18         In most cases you can leave this as-is, but you if you want to provide
19         additional functionality it is fine to subclass or reimplement
20         FlutterApplication and put your custom class here.
21    -->
22    <application
22-->src\main\AndroidManifest.xml:8:5-43:19
23        android:appComponentFactory="androidx.core.app.CoreComponentFactory"
23-->[androidx.core:core:1.6.0] AndroidManifest.xml:24:18-86
24        android:debuggable="true"
25        android:icon="@mipmap/ic_launcher"
25-->src\main\AndroidManifest.xml:11:9-43
26        android:label="hold" >
26-->src\main\AndroidManifest.xml:10:9-29
27        <activity
27-->src\main\AndroidManifest.xml:12:9-39:20
28            android:name="br.com.academiadoflutter.url_launcher_example.MainActivity"
28-->src\main\AndroidManifest.xml:13:13-41
29            android:configChanges="orientation|keyboardHidden|keyboard|screenSize|smallestScreenSize|locale|layoutDirection|fontScale|screenLayout|density|uiMode"
29-->src\main\AndroidManifest.xml:16:13-163
30            android:hardwareAccelerated="true"
30-->src\main\AndroidManifest.xml:17:13-47
31            android:launchMode="singleTop"
31-->src\main\AndroidManifest.xml:14:13-43
32            android:theme="@style/LaunchTheme"
32-->src\main\AndroidManifest.xml:15:13-47
33            android:windowSoftInputMode="adjustResize" >
33-->src\main\AndroidManifest.xml:18:13-55
34
35            <!--
36                 Specifies an Android theme to apply to this Activity as soon as
37                 the Android process has started. This theme is visible to the user
38                 while the Flutter UI initializes. After that, this theme continues
39                 to determine the Window background behind the Flutter UI.
40            -->
41            <meta-data
41-->src\main\AndroidManifest.xml:23:14-25:66
42                android:name="io.flutter.embedding.android.SplashScreenDrawable"
42-->src\main\AndroidManifest.xml:24:17-81
43                android:resource="@drawable/launch_background" />
43-->src\main\AndroidManifest.xml:25:17-63
44            <!--
45                 Displays an Android View that continues showing the launch screen
46                 Drawable until Flutter paints its first frame, then this splash
47                 screen fades out. A splash screen is useful to avoid any visual
48                 gap between the end of Android's launch screen and the painting of
49                 Flutter's first frame.
50            -->
51            <meta-data
51-->src\main\AndroidManifest.xml:23:14-25:66
52                android:name="io.flutter.embedding.android.SplashScreenDrawable"
52-->src\main\AndroidManifest.xml:24:17-81
53                android:resource="@drawable/launch_background" />
53-->src\main\AndroidManifest.xml:25:17-63
54
55            <intent-filter>
55-->src\main\AndroidManifest.xml:35:13-38:29
56                <action android:name="android.intent.action.MAIN" />
56-->src\main\AndroidManifest.xml:36:17-68
56-->src\main\AndroidManifest.xml:36:25-66
57
58                <category android:name="android.intent.category.LAUNCHER" />
58-->src\main\AndroidManifest.xml:37:17-76
58-->src\main\AndroidManifest.xml:37:27-74
59            </intent-filter>
60        </activity>
61
62        <meta-data
62-->src\main\AndroidManifest.xml:40:9-42:33
63            android:name="flutterEmbedding"
63-->src\main\AndroidManifest.xml:41:13-44
64            android:value="2" />
64-->src\main\AndroidManifest.xml:42:13-30
65
66        <activity
66-->[:url_launcher] AndroidManifest.xml:8:9-11:74
67            android:name="io.flutter.plugins.urllauncher.WebViewActivity"
67-->[:url_launcher] AndroidManifest.xml:9:13-74
68            android:exported="false"
68-->[:url_launcher] AndroidManifest.xml:10:13-37
69            android:theme="@android:style/Theme.NoTitleBar.Fullscreen" />
69-->[:url_launcher] AndroidManifest.xml:11:13-71
70
71        <uses-library
71-->[androidx.window:window:1.0.0-beta04] AndroidManifest.xml:25:9-27:40
72            android:name="androidx.window.extensions"
72-->[androidx.window:window:1.0.0-beta04] AndroidManifest.xml:26:13-54
73            android:required="false" />
73-->[androidx.window:window:1.0.0-beta04] AndroidManifest.xml:27:13-37
74        <uses-library
74-->[androidx.window:window:1.0.0-beta04] AndroidManifest.xml:28:9-30:40
75            android:name="androidx.window.sidecar"
75-->[androidx.window:window:1.0.0-beta04] AndroidManifest.xml:29:13-51
76            android:required="false" />
76-->[androidx.window:window:1.0.0-beta04] AndroidManifest.xml:30:13-37
77    </application>
78
79</manifest>